<?xml version="1.0" encoding="utf-8"?><testsuites name="pytest tests"><testsuite name="pytest" errors="0" failures="0" skipped="0" tests="8" time="9.526" timestamp="2026-04-25T21:04:17.150697+00:00" hostname="agent-env-60f79cfc-2bad-45e2-94ba-b14d0c6cb065"><testcase classname="backend.tests.backend_test" name="test_root" time="0.371" /><testcase classname="backend.tests.backend_test" name="test_categories_seeded" time="0.217" /><testcase classname="backend.tests.backend_test" name="test_chart_data_helmets" time="5.582" /><testcase classname="backend.tests.backend_test" name="test_admin_login_correct" time="0.208" /><testcase classname="backend.tests.backend_test" name="test_admin_login_wrong" time="0.166" /><testcase classname="backend.tests.backend_test" name="test_protected_no_token" time="0.158" /><testcase classname="backend.tests.backend_test" name="test_create_category_and_delete_cascades" time="1.534" /><testcase classname="backend.tests.backend_test" name="test_delete_item_cascade" time="0.878" /></testsuite></testsuites>